[pro.tukkijamm.com/index.html]
[backblue.gif]
[fade.gif]
[index.html]
[pro.tukkijamm.com/assets/application-7e0f966f1f55152ba88fb403ff8b77ba2d50a39682fbfc33af447db5bbc6bc84.css]
[pro.tukkijamm.com/assets/application-b4bdc8ee108b720eac20c33912ab613045d4c4056f6e5f96e7dd3ff9e5af58ee.js]
[pro.tukkijamm.com/assets/logo-ca8cfaec8e8ad26bb2e504d605e8e2408d7b141522795fda8a4238de6d46074d.svg]
[pro.tukkijamm.com/demos/new.html]
[pro.tukkijamm.com/managers/sign_in.html]
[pro.tukkijamm.com/assets/home/man-smiling-e3f305982a5dc8c2cdfbff93811e378ef50d574b461d38e11ccf099921755959.png]
[pro.tukkijamm.com/assets/home/woman-smiling-ab6700667d6b57237eb949df9f3bb4a3aa727bbc761c5ec9d884a6661f1dd969.png]
[pro.tukkijamm.com/assets/home/company_car_peoples-e36bd23e8cccd454f72f395d6c1147da89212ad69458147d8d2b3f02d49bc4b3.png]
[pro.tukkijamm.com/assets/home/company_car_driving-4250063d84bdfa62c18aee65731463c99114dc95dcb2359086b0b47278975db4.png]
[pro.tukkijamm.com/assets/home/tkt_r3_temoignage-54c2a3cab4d8a25583aa28d90b5482fe721516ec57ba9b3df09c510158ca0764.png]
[pro.tukkijamm.com/assets/home/partners/der-687d6177484e606b7aeebeb0ea0f850bd842061fe13b67bfdca53947f0a32a25.png]
[pro.tukkijamm.com/assets/home/partners/adepme-013b428c968811d7d27e79df45ee409057b0c65a3fc7dea7a7544243bbeb66fc.jpg]
[pro.tukkijamm.com/assets/home/partners/free-b48d258c595a941f4925dadad8998e86e2e5e92a1d335eec30593ce517f6f45b.png]
[pro.tukkijamm.com/assets/home/partners/orange-e5756c4054f4b2f2f2164451c8ce3487be6fd146362eab05fef135e00cbaaf2a.png]
[pro.tukkijamm.com/assets/home/partners/wave-76876ec3079f71414267c17810fb1a3c24d1edfdd2ba90da1a0188e28043b685.png]
[pro.tukkijamm.com/assets/home/partners/nsia-5b619afc55031ad0aa371e7d64d88fc48e0d15087a112672607c364c373708a2.png]
[pro.tukkijamm.com/assets/home/advantages/savemoney-a73dc1ff308af114908b6d74d24b21d6c1d613eef0ed365f282df9f8a9c51b9f.png]
[pro.tukkijamm.com/assets/home/advantages/savetime-317fe46f9a4ec404233e8cc1d8d1b1442aa7804bd7ff35871643b6ed176ac36b.png]
[pro.tukkijamm.com/assets/home/advantages/network-7fccf692ba5ff2c52a8103e22cf1185a21d25d55d7764f9bf4f7aa95fed04845.png]
[pro.tukkijamm.com/assets/home/advantages/security-57d9d389bade57fdbac78c7181608fb7708bebef28ef96366a0a815bbfb685a0.png]
[pro.tukkijamm.com/assets/home/rse/dashboard-49d2cfaddb81252299f8fe2f9ab705952eb60bbb7ae5de82d0f999607ac4015e.png]
[pro.tukkijamm.com/assets/home/rse/users-1e2c06fd2dbd60a5ac276599c70d4d8094ae25342eaa2a523ae9dc6500572c64.png]
[pro.tukkijamm.com/assets/home/rse/trips-c7762dd37219308389d981b8618d8620f22d7dae8425063905e75c216821f6b1.png]
[pro.tukkijamm.com/assets/home/rse/fleur-25b3b7291ec40367c194718a6a688cc404815de38d2ae8460e2510b3ec835d27.png]
[pro.tukkijamm.com/assets/home/rse/rse-1a696653fbe0ffbdfdb718fff0ec17c9587f81e70e1b58a2af56e3339fe1cdf8.png]
[pro.tukkijamm.com/assets/home/rse/city-d3c235433b7577a5a3a2abd5e5e61a351edbd49a1f716b956d9810a77934b99d.png]
[pro.tukkijamm.com/assets/home/rse/save-313fb8166d1f96c8b55805506ee2235cf44ae9c18db996fddbab0fbdfaf20bc4.png]
[pro.tukkijamm.com/assets/home/rse/phone-9fdf33aefdafaf6073fa6ba428ae1de421622893d2b65b49b076a59f6bd65121.png]
[pro.tukkijamm.com/index.html]
[pro.tukkijamm.com/assets/home/rse/contact-rides-4d04d0534c6a9fcbc37aa5246108ef44079fdceb3e3c32460892a7d0820ded60.svg]
[pro.tukkijamm.com/assets/actiontext.css]
[pro.tukkijamm.com/assets/fonts/bootstrap-icons-cbdadea7b7c998d4578dcc107c4373b7448713c015c6f8f13e4125a90c4e3aa1bf04.woff2]
[pro.tukkijamm.com/assets/application-7e0f966f1f55152ba88fb403ff8b77ba2d50a39682fbfc33af447db5bbc6bc84.css]
[pro.tukkijamm.com/assets/logo-ca8cfaec8e8ad26bb2e504d605e8e2408d7b141522795fda8a4238de6d46074d.svg]
[pro.tukkijamm.com/assets/fonts/bootstrap-icons-1a51ee225426a539ddeada4fe9ed4fe0e1198565287269de541ab589c5355948bf04.woff]
[pro.tukkijamm.com/assets/demo/tkj_r2_left-956a5cef7d745b88d80b3e0011d203b6468c0cb27f8577531445a1fec36d79be.png]
[pro.tukkijamm.com/assets/demo/tkj_r2_right-eaa99503db1372c0af1f497820300ed7f355a55b82fc22e27646e827e01fddc8.png]
[pro.tukkijamm.com/demos/new.html]
[pro.tukkijamm.com/managers/password/new.html]
[pro.tukkijamm.com/managers/sign_in.html]
[pro.tukkijamm.com/assets/home/rse/contact-rides-4d04d0534c6a9fcbc37aa5246108ef44079fdceb3e3c32460892a7d0820ded60.svg]
[pro.tukkijamm.com/assets/actiontext.html]
[pro.tukkijamm.com/managers/password/new.html]
[pro.tukkijamm.com/assets/auth/login-47be6f852da4052dce9a1414abddd1cf8350b20bf90594928f4a60329a74d159.svg]
[pro.tukkijamm.com/assets/auth/login-47be6f852da4052dce9a1414abddd1cf8350b20bf90594928f4a60329a74d159.svg]
